18:31:02 **** Build of configuration Debug for project pcnsight ****
make ptx 
/usr/local/cuda/bin/nvcc   -ptx src/AES/CudaEcbAes16B.cu -o obj/CudaEcbAes16B.ptx
nvcc warning : The 'compute_20', 'sm_20', and 'sm_21' architectures are deprecated, and may be removed in a future release (Use -Wno-deprecated-gpu-targets to suppress warning).
/usr/local/cuda/bin/nvcc   -ptx src/AES/CudaEcbAes16BPtr.cu -o obj/CudaEcbAes16BPtr.ptx
nvcc warning : The 'compute_20', 'sm_20', and 'sm_21' architectures are deprecated, and may be removed in a future release (Use -Wno-deprecated-gpu-targets to suppress warning).
19:31:59 **** Clean-only build of configuration Debug for project pcnsight ****
make clean 
rm -f obj/*.o
rm -f lib/*.a
rm -f bin/*
rm -f src/*~
rm -f src/tests/*~
rm -f src/openssl/*~
19:32:01 **** Build of configuration Debug for project pcnsight ****
make all 
g++  -Wall -DBOOST_LOG_DYN_LINK -g -DDEBUG  -c src/tests/tests.cpp -o obj/tests.o -I/usr/local/cuda/include
/usr/local/cuda/bin/nvcc   -g -DDEBUG  -c src/tests/cuda_test_kernels.cu -o obj/cuda_test_kernels.cu.o
nvcc warning : The 'compute_20', 'sm_20', and 'sm_21' architectures are deprecated, and may be removed in a future release (Use -Wno-deprecated-gpu-targets to suppress warning).
g++  -Wall -DBOOST_LOG_DYN_LINK -g -DDEBUG  -c src/openssl/AES_key_schedule.c -o obj/AES_key_schedule.o
g++  -Wall -DBOOST_LOG_DYN_LINK -g -DDEBUG  -c src/endianess.c -o obj/endianess.o
g++  -Wall -DBOOST_LOG_DYN_LINK -g -DDEBUG  -c src/logging.cpp -o obj/logging.o
g++  -Wall -DBOOST_LOG_DYN_LINK -g -DDEBUG  -c src/Timer.cpp -o obj/Timer.o
g++  -Wall -DBOOST_LOG_DYN_LINK -g -DDEBUG  -c src/AES/AES.cpp -o obj/AES.o
g++  -Wall -DBOOST_LOG_DYN_LINK -g -DDEBUG  -c src/AES/CudaAES.cpp -o obj/CudaAES.o -I/usr/local/cuda/include
g++  -Wall -DBOOST_LOG_DYN_LINK -g -DDEBUG  -c src/AES/CudaEcbAes.cpp -o obj/CudaEcbAes.o -I/usr/local/cuda/include
src/AES/CudaEcbAes.cpp: In member function ‘virtual int paracrypt::CudaEcbAES::decrypt(const unsigned char*, const unsigned char*, int)’:
src/AES/CudaEcbAes.cpp:37:9: warning: unused variable ‘gridSize’ [-Wunused-variable]
     int gridSize = this->getDevice()->getGridSize(n_blocks, 1);
         ^
src/AES/CudaEcbAes.cpp:38:9: warning: unused variable ‘threadsPerBlock’ [-Wunused-variable]
     int threadsPerBlock = this->getDevice()->getThreadsPerThreadBlock();
         ^
src/AES/CudaEcbAes.cpp:40:15: warning: unused variable ‘key’ [-Wunused-variable]
     uint32_t *key = this->getDeviceDKey();
               ^
src/AES/CudaEcbAes.cpp:41:9: warning: unused variable ‘rounds’ [-Wunused-variable]
     int rounds = this->getDecryptionExpandedKey()->rounds;
         ^
g++  -Wall -DBOOST_LOG_DYN_LINK -g -DDEBUG  -c src/AES/CudaEcbAes16B.cpp -o obj/CudaEcbAes16B.o -I/usr/local/cuda/include
/usr/local/cuda/bin/nvcc   -g -DDEBUG  -c src/AES/CudaEcbAes16B.cu -o obj/CudaEcbAes16B.cu.o
nvcc warning : The 'compute_20', 'sm_20', and 'sm_21' architectures are deprecated, and may be removed in a future release (Use -Wno-deprecated-gpu-targets to suppress warning).
src/AES/CudaEcbAes16B.cu(256): error: function "__cuda_ecb_aes128_16b_encrypt__" has already been defined

src/AES/CudaEcbAes16B.cu(463): error: identifier "__cuda_ecb_aes192_16b_encrypt__" is undefined

2 errors detected in the compilation of "/tmp/tmpxft_00004710_00000000-7_CudaEcbAes16B.cpp1.ii".
make: *** [obj/CudaEcbAes16B.cu.o] Error 2
19:33:36 **** Incremental Build of configuration Debug for project pcnsight ****
make all 
/usr/local/cuda/bin/nvcc   -g -DDEBUG  -c src/AES/CudaEcbAes16B.cu -o obj/CudaEcbAes16B.cu.o
nvcc warning : The 'compute_20', 'sm_20', and 'sm_21' architectures are deprecated, and may be removed in a future release (Use -Wno-deprecated-gpu-targets to suppress warning).
g++  -Wall -DBOOST_LOG_DYN_LINK -g -DDEBUG  -c src/AES/CudaEcbAes16BPtr.cpp -o obj/CudaEcbAes16BPtr.o -I/usr/local/cuda/include
/usr/local/cuda/bin/nvcc   -g -DDEBUG  -c src/AES/CudaEcbAes16BPtr.cu -o obj/CudaEcbAes16BPtr.cu.o
nvcc warning : The 'compute_20', 'sm_20', and 'sm_21' architectures are deprecated, and may be removed in a future release (Use -Wno-deprecated-gpu-targets to suppress warning).
g++  -Wall -DBOOST_LOG_DYN_LINK -g -DDEBUG  -c src/device/CUDACipherDevice.cpp -o obj/CUDACipherDevice.o -I/usr/local/cuda/include
g++  -Wall -DBOOST_LOG_DYN_LINK -g -DDEBUG  \
	 obj/tests.o \
	 obj/cuda_test_kernels.cu.o \
	 obj/AES_key_schedule.o \
	 obj/endianess.o \
	 obj/AES.o \
	 obj/CudaAES.o \
	 obj/CudaEcbAes.o \
	 obj/CudaEcbAes16B.o \
	 obj/CudaEcbAes16B.cu.o \
	 obj/CudaEcbAes16BPtr.o \
	 obj/CudaEcbAes16BPtr.cu.o \
	 obj/CUDACipherDevice.o \
	 obj/logging.o \
	 obj/Timer.o \
	 -o bin/paracrypt_tests -L/usr/lib -lboost_system -lboost_log -lboost_log_setup -lboost_thread -lpthread -L/usr/local/cuda/lib64 -lcuda -lcudart
# make icc
19:39:04 **** Clean-only build of configuration Debug for project pcnsight ****
make clean 
rm -f obj/*.o
rm -f lib/*.a
rm -f bin/*
rm -f src/*~
rm -f src/tests/*~
rm -f src/openssl/*~
19:39:05 **** Build of configuration Debug for project pcnsight ****
make all 
g++  -Wall -DBOOST_LOG_DYN_LINK -g -DDEBUG -DDEVEL -c src/tests/tests.cpp -o obj/tests.o -I/usr/local/cuda/include
/usr/local/cuda/bin/nvcc   -g -DDEBUG -DDEVEL -c src/tests/cuda_test_kernels.cu -o obj/cuda_test_kernels.cu.o
nvcc warning : The 'compute_20', 'sm_20', and 'sm_21' architectures are deprecated, and may be removed in a future release (Use -Wno-deprecated-gpu-targets to suppress warning).
g++  -Wall -DBOOST_LOG_DYN_LINK -g -DDEBUG -DDEVEL -c src/openssl/AES_key_schedule.c -o obj/AES_key_schedule.o
g++  -Wall -DBOOST_LOG_DYN_LINK -g -DDEBUG -DDEVEL -c src/endianess.c -o obj/endianess.o
g++  -Wall -DBOOST_LOG_DYN_LINK -g -DDEBUG -DDEVEL -c src/logging.cpp -o obj/logging.o
g++  -Wall -DBOOST_LOG_DYN_LINK -g -DDEBUG -DDEVEL -c src/Timer.cpp -o obj/Timer.o
g++  -Wall -DBOOST_LOG_DYN_LINK -g -DDEBUG -DDEVEL -c src/AES/AES.cpp -o obj/AES.o
g++  -Wall -DBOOST_LOG_DYN_LINK -g -DDEBUG -DDEVEL -c src/AES/CudaAES.cpp -o obj/CudaAES.o -I/usr/local/cuda/include
g++  -Wall -DBOOST_LOG_DYN_LINK -g -DDEBUG -DDEVEL -c src/AES/CudaEcbAes.cpp -o obj/CudaEcbAes.o -I/usr/local/cuda/include
src/AES/CudaEcbAes.cpp: In member function ‘virtual int paracrypt::CudaEcbAES::decrypt(const unsigned char*, const unsigned char*, int)’:
src/AES/CudaEcbAes.cpp:37:9: warning: unused variable ‘gridSize’ [-Wunused-variable]
     int gridSize = this->getDevice()->getGridSize(n_blocks, 1);
         ^
src/AES/CudaEcbAes.cpp:38:9: warning: unused variable ‘threadsPerBlock’ [-Wunused-variable]
     int threadsPerBlock = this->getDevice()->getThreadsPerThreadBlock();
         ^
src/AES/CudaEcbAes.cpp:40:15: warning: unused variable ‘key’ [-Wunused-variable]
     uint32_t *key = this->getDeviceDKey();
               ^
src/AES/CudaEcbAes.cpp:41:9: warning: unused variable ‘rounds’ [-Wunused-variable]
     int rounds = this->getDecryptionExpandedKey()->rounds;
         ^
g++  -Wall -DBOOST_LOG_DYN_LINK -g -DDEBUG -DDEVEL -c src/AES/CudaEcbAes16B.cpp -o obj/CudaEcbAes16B.o -I/usr/local/cuda/include
/usr/local/cuda/bin/nvcc   -g -DDEBUG -DDEVEL -c src/AES/CudaEcbAes16B.cu -o obj/CudaEcbAes16B.cu.o
nvcc warning : The 'compute_20', 'sm_20', and 'sm_21' architectures are deprecated, and may be removed in a future release (Use -Wno-deprecated-gpu-targets to suppress warning).
g++  -Wall -DBOOST_LOG_DYN_LINK -g -DDEBUG -DDEVEL -c src/AES/CudaEcbAes16BPtr.cpp -o obj/CudaEcbAes16BPtr.o -I/usr/local/cuda/include
/usr/local/cuda/bin/nvcc   -g -DDEBUG -DDEVEL -c src/AES/CudaEcbAes16BPtr.cu -o obj/CudaEcbAes16BPtr.cu.o
nvcc warning : The 'compute_20', 'sm_20', and 'sm_21' architectures are deprecated, and may be removed in a future release (Use -Wno-deprecated-gpu-targets to suppress warning).
g++  -Wall -DBOOST_LOG_DYN_LINK -g -DDEBUG -DDEVEL -c src/device/CUDACipherDevice.cpp -o obj/CUDACipherDevice.o -I/usr/local/cuda/include
g++  -Wall -DBOOST_LOG_DYN_LINK -g -DDEBUG -DDEVEL \
	 obj/tests.o \
	 obj/cuda_test_kernels.cu.o \
	 obj/AES_key_schedule.o \
	 obj/endianess.o \
	 obj/AES.o \
	 obj/CudaAES.o \
	 obj/CudaEcbAes.o \
	 obj/CudaEcbAes16B.o \
	 obj/CudaEcbAes16B.cu.o \
	 obj/CudaEcbAes16BPtr.o \
	 obj/CudaEcbAes16BPtr.cu.o \
	 obj/CUDACipherDevice.o \
	 obj/logging.o \
	 obj/Timer.o \
	 -o bin/paracrypt_tests -L/usr/lib -lboost_system -lboost_log -lboost_log_setup -lboost_thread -lpthread -L/usr/local/cuda/lib64 -lcuda -lcudart
# make icc
19:52:45 **** Clean-only build of configuration Debug for project pcnsight ****
make clean 
rm -f obj/*.o
rm -f lib/*.a
rm -f bin/*
rm -f src/*~
rm -f src/tests/*~
rm -f src/openssl/*~
19:52:48 **** Build of configuration Debug for project pcnsight ****
make all 
g++  -Wall -DBOOST_LOG_DYN_LINK -g -DDEBUG -DDEVEL -c src/tests/tests.cpp -o obj/tests.o -I/usr/local/cuda/include
/usr/local/cuda/bin/nvcc   -g -DDEBUG -DDEVEL -c src/tests/cuda_test_kernels.cu -o obj/cuda_test_kernels.cu.o
nvcc warning : The 'compute_20', 'sm_20', and 'sm_21' architectures are deprecated, and may be removed in a future release (Use -Wno-deprecated-gpu-targets to suppress warning).
g++  -Wall -DBOOST_LOG_DYN_LINK -g -DDEBUG -DDEVEL -c src/openssl/AES_key_schedule.c -o obj/AES_key_schedule.o
g++  -Wall -DBOOST_LOG_DYN_LINK -g -DDEBUG -DDEVEL -c src/endianess.c -o obj/endianess.o
g++  -Wall -DBOOST_LOG_DYN_LINK -g -DDEBUG -DDEVEL -c src/logging.cpp -o obj/logging.o
g++  -Wall -DBOOST_LOG_DYN_LINK -g -DDEBUG -DDEVEL -c src/Timer.cpp -o obj/Timer.o
g++  -Wall -DBOOST_LOG_DYN_LINK -g -DDEBUG -DDEVEL -c src/AES/AES.cpp -o obj/AES.o
g++  -Wall -DBOOST_LOG_DYN_LINK -g -DDEBUG -DDEVEL -c src/AES/CudaAES.cpp -o obj/CudaAES.o -I/usr/local/cuda/include
g++  -Wall -DBOOST_LOG_DYN_LINK -g -DDEBUG -DDEVEL -c src/AES/CudaEcbAes.cpp -o obj/CudaEcbAes.o -I/usr/local/cuda/include
src/AES/CudaEcbAes.cpp: In member function ‘virtual int paracrypt::CudaEcbAES::decrypt(const unsigned char*, const unsigned char*, int)’:
src/AES/CudaEcbAes.cpp:37:9: warning: unused variable ‘gridSize’ [-Wunused-variable]
     int gridSize = this->getDevice()->getGridSize(n_blocks, 1);
         ^
src/AES/CudaEcbAes.cpp:38:9: warning: unused variable ‘threadsPerBlock’ [-Wunused-variable]
     int threadsPerBlock = this->getDevice()->getThreadsPerThreadBlock();
         ^
src/AES/CudaEcbAes.cpp:40:15: warning: unused variable ‘key’ [-Wunused-variable]
     uint32_t *key = this->getDeviceDKey();
               ^
src/AES/CudaEcbAes.cpp:41:9: warning: unused variable ‘rounds’ [-Wunused-variable]
     int rounds = this->getDecryptionExpandedKey()->rounds;
         ^
g++  -Wall -DBOOST_LOG_DYN_LINK -g -DDEBUG -DDEVEL -c src/AES/CudaEcbAes16B.cpp -o obj/CudaEcbAes16B.o -I/usr/local/cuda/include
/usr/local/cuda/bin/nvcc   -g -DDEBUG -DDEVEL -c src/AES/CudaEcbAes16B.cu -o obj/CudaEcbAes16B.cu.o
nvcc warning : The 'compute_20', 'sm_20', and 'sm_21' architectures are deprecated, and may be removed in a future release (Use -Wno-deprecated-gpu-targets to suppress warning).
g++  -Wall -DBOOST_LOG_DYN_LINK -g -DDEBUG -DDEVEL -c src/AES/CudaEcbAes16BPtr.cpp -o obj/CudaEcbAes16BPtr.o -I/usr/local/cuda/include
/usr/local/cuda/bin/nvcc   -g -DDEBUG -DDEVEL -c src/AES/CudaEcbAes16BPtr.cu -o obj/CudaEcbAes16BPtr.cu.o
nvcc warning : The 'compute_20', 'sm_20', and 'sm_21' architectures are deprecated, and may be removed in a future release (Use -Wno-deprecated-gpu-targets to suppress warning).
g++  -Wall -DBOOST_LOG_DYN_LINK -g -DDEBUG -DDEVEL -c src/device/CUDACipherDevice.cpp -o obj/CUDACipherDevice.o -I/usr/local/cuda/include
g++  -Wall -DBOOST_LOG_DYN_LINK -g -DDEBUG -DDEVEL \
	 obj/tests.o \
	 obj/cuda_test_kernels.cu.o \
	 obj/AES_key_schedule.o \
	 obj/endianess.o \
	 obj/AES.o \
	 obj/CudaAES.o \
	 obj/CudaEcbAes.o \
	 obj/CudaEcbAes16B.o \
	 obj/CudaEcbAes16B.cu.o \
	 obj/CudaEcbAes16BPtr.o \
	 obj/CudaEcbAes16BPtr.cu.o \
	 obj/CUDACipherDevice.o \
	 obj/logging.o \
	 obj/Timer.o \
	 -o bin/paracrypt_tests -L/usr/lib -lboost_system -lboost_log -lboost_log_setup -lboost_thread -lpthread -L/usr/local/cuda/lib64 -lcuda -lcudart
# make icc
19:54:08 **** Clean-only build of configuration Debug for project pcnsight ****
make clean 
rm -f obj/*.o
rm -f lib/*.a
rm -f bin/*
rm -f src/*~
rm -f src/tests/*~
rm -f src/openssl/*~
